[0.078s] DEBUG:colcon:Command line arguments: ['/usr/bin/colcon', 'build']
[0.079s] DEBUG:colcon:Parsed command line arguments: Namespace(log_base=None, log_level=None, verb_name='build', build_base='build', install_base='install', merge_install=False, symlink_install=False, test_result_base=None, continue_on_error=False, executor='parallel', parallel_workers=20, event_handlers=None, ignore_user_meta=False, metas=['./colcon.meta'], base_paths=['.'], packages_ignore=None, packages_ignore_regex=None, paths=None, packages_up_to=None, packages_up_to_regex=None, packages_above=None, packages_above_and_dependencies=None, packages_above_depth=None, packages_select_by_dep=None, packages_skip_by_dep=None, packages_skip_up_to=None, packages_select_build_failed=False, packages_skip_build_finished=False, packages_select_test_failures=False, packages_skip_test_passed=False, packages_select=None, packages_skip=None, packages_select_regex=None, packages_skip_regex=None, packages_start=None, packages_end=None, allow_overriding=[], cmake_args=None, cmake_target=None, cmake_target_skip_unavailable=False, cmake_clean_cache=False, cmake_clean_first=False, cmake_force_configure=False, ament_cmake_args=None, catkin_cmake_args=None, catkin_skip_building_tests=False, mixin_files=None, mixin=None, verb_parser=<colcon_mixin.mixin.mixin_argument.MixinArgumentDecorator object at 0x7886a0f78250>, verb_extension=<colcon_core.verb.build.BuildVerb object at 0x7886a0f47d60>, main=<bound method BuildVerb.main of <colcon_core.verb.build.BuildVerb object at 0x7886a0f47d60>>, mixin_verb=('build',))
[0.182s] Level 1:colcon.colcon_core.package_discovery:discover_packages(colcon_meta) check parameters
[0.182s] Level 1:colcon.colcon_core.package_discovery:discover_packages(recursive) check parameters
[0.182s] Level 1:colcon.colcon_core.package_discovery:discover_packages(ignore) check parameters
[0.182s] Level 1:colcon.colcon_core.package_discovery:discover_packages(path) check parameters
[0.182s] Level 1:colcon.colcon_core.package_discovery:discover_packages(colcon_meta) discover
[0.182s] Level 1:colcon.colcon_core.package_discovery:discover_packages(recursive) discover
[0.182s] INFO:colcon.colcon_core.package_discovery:Crawling recursively for packages in '/home/ycao/robotics_course/homework2'
[0.182s] Level 1:colcon.colcon_core.package_identification:_identify(.) by extensions ['ignore', 'ignore_ament_install']
[0.182s] Level 1:colcon.colcon_core.package_identification:_identify(.) by extension 'ignore'
[0.182s] Level 1:colcon.colcon_core.package_identification:_identify(.) by extension 'ignore_ament_install'
[0.182s] Level 1:colcon.colcon_core.package_identification:_identify(.) by extensions ['colcon_pkg']
[0.182s] Level 1:colcon.colcon_core.package_identification:_identify(.) by extension 'colcon_pkg'
[0.182s] Level 1:colcon.colcon_core.package_identification:_identify(.) by extensions ['colcon_meta']
[0.182s] Level 1:colcon.colcon_core.package_identification:_identify(.) by extension 'colcon_meta'
[0.182s] Level 1:colcon.colcon_core.package_identification:_identify(.) by extensions ['ros']
[0.182s] Level 1:colcon.colcon_core.package_identification:_identify(.) by extension 'ros'
[0.190s] Level 1:colcon.colcon_core.package_identification:_identify(.) by extensions ['cmake', 'python']
[0.190s] Level 1:colcon.colcon_core.package_identification:_identify(.) by extension 'cmake'
[0.190s] Level 1:colcon.colcon_core.package_identification:_identify(.) by extension 'python'
[0.190s] Level 1:colcon.colcon_core.package_identification:_identify(.) by extensions ['python_setup_py']
[0.190s] Level 1:colcon.colcon_core.package_identification:_identify(.) by extension 'python_setup_py'
[0.190s] Level 1:colcon.colcon_core.package_identification:_identify(build) by extensions ['ignore', 'ignore_ament_install']
[0.190s] Level 1:colcon.colcon_core.package_identification:_identify(build) by extension 'ignore'
[0.190s] Level 1:colcon.colcon_core.package_identification:_identify(build) ignored
[0.190s] Level 1:colcon.colcon_core.package_identification:_identify(install) by extensions ['ignore', 'ignore_ament_install']
[0.190s] Level 1:colcon.colcon_core.package_identification:_identify(install) by extension 'ignore'
[0.190s] Level 1:colcon.colcon_core.package_identification:_identify(install) ignored
[0.190s] Level 1:colcon.colcon_core.package_identification:_identify(log) by extensions ['ignore', 'ignore_ament_install']
[0.190s] Level 1:colcon.colcon_core.package_identification:_identify(log) by extension 'ignore'
[0.190s] Level 1:colcon.colcon_core.package_identification:_identify(log) ignored
[0.190s] Level 1:colcon.colcon_core.package_identification:_identify(src) by extensions ['ignore', 'ignore_ament_install']
[0.190s] Level 1:colcon.colcon_core.package_identification:_identify(src) by extension 'ignore'
[0.190s] Level 1:colcon.colcon_core.package_identification:_identify(src) by extension 'ignore_ament_install'
[0.190s] Level 1:colcon.colcon_core.package_identification:_identify(src) by extensions ['colcon_pkg']
[0.190s] Level 1:colcon.colcon_core.package_identification:_identify(src) by extension 'colcon_pkg'
[0.190s] Level 1:colcon.colcon_core.package_identification:_identify(src) by extensions ['colcon_meta']
[0.190s] Level 1:colcon.colcon_core.package_identification:_identify(src) by extension 'colcon_meta'
[0.190s] Level 1:colcon.colcon_core.package_identification:_identify(src) by extensions ['ros']
[0.190s] Level 1:colcon.colcon_core.package_identification:_identify(src) by extension 'ros'
[0.191s] Level 1:colcon.colcon_core.package_identification:_identify(src) by extensions ['cmake', 'python']
[0.191s] Level 1:colcon.colcon_core.package_identification:_identify(src) by extension 'cmake'
[0.191s] Level 1:colcon.colcon_core.package_identification:_identify(src) by extension 'python'
[0.191s] Level 1:colcon.colcon_core.package_identification:_identify(src) by extensions ['python_setup_py']
[0.191s] Level 1:colcon.colcon_core.package_identification:_identify(src) by extension 'python_setup_py'
[0.191s] Level 1:colcon.colcon_core.package_identification:_identify(src/openloop) by extensions ['ignore', 'ignore_ament_install']
[0.191s] Level 1:colcon.colcon_core.package_identification:_identify(src/openloop) by extension 'ignore'
[0.191s] Level 1:colcon.colcon_core.package_identification:_identify(src/openloop) by extension 'ignore_ament_install'
[0.191s] Level 1:colcon.colcon_core.package_identification:_identify(src/openloop) by extensions ['colcon_pkg']
[0.191s] Level 1:colcon.colcon_core.package_identification:_identify(src/openloop) by extension 'colcon_pkg'
[0.191s] Level 1:colcon.colcon_core.package_identification:_identify(src/openloop) by extensions ['colcon_meta']
[0.191s] Level 1:colcon.colcon_core.package_identification:_identify(src/openloop) by extension 'colcon_meta'
[0.191s] Level 1:colcon.colcon_core.package_identification:_identify(src/openloop) by extensions ['ros']
[0.191s] Level 1:colcon.colcon_core.package_identification:_identify(src/openloop) by extension 'ros'
[0.193s] DEBUG:colcon.colcon_core.package_identification:Package 'src/openloop' with type 'ros.ament_cmake' and name 'openloop'
[0.193s] Level 1:colcon.colcon_core.package_discovery:discover_packages(recursive) using defaults
[0.193s] Level 1:colcon.colcon_core.package_discovery:discover_packages(ignore) discover
[0.193s] Level 1:colcon.colcon_core.package_discovery:discover_packages(ignore) using defaults
[0.193s] Level 1:colcon.colcon_core.package_discovery:discover_packages(path) discover
[0.193s] Level 1:colcon.colcon_core.package_discovery:discover_packages(path) using defaults
[0.217s] Level 1:colcon.colcon_core.package_discovery:discover_packages(prefix_path) check parameters
[0.217s] Level 1:colcon.colcon_core.package_discovery:discover_packages(prefix_path) discover
[0.220s] DEBUG:colcon.colcon_installed_package_information.package_discovery:Found 34 installed packages in /home/ycao/interbotix_ws/install
[0.220s] DEBUG:colcon.colcon_installed_package_information.package_discovery:Found 1 installed packages in /home/ycao/apriltag_ws/install
[0.221s] DEBUG:colcon.colcon_installed_package_information.package_discovery:Found 429 installed packages in /opt/ros/humble
[0.223s] Level 1:colcon.colcon_core.package_discovery:discover_packages(prefix_path) using defaults
[0.260s] Level 5:colcon.colcon_core.verb:set package 'openloop' build argument 'cmake_args' from command line to 'None'
[0.260s] Level 5:colcon.colcon_core.verb:set package 'openloop' build argument 'cmake_target' from command line to 'None'
[0.260s] Level 5:colcon.colcon_core.verb:set package 'openloop' build argument 'cmake_target_skip_unavailable' from command line to 'False'
[0.260s] Level 5:colcon.colcon_core.verb:set package 'openloop' build argument 'cmake_clean_cache' from command line to 'False'
[0.260s] Level 5:colcon.colcon_core.verb:set package 'openloop' build argument 'cmake_clean_first' from command line to 'False'
[0.260s] Level 5:colcon.colcon_core.verb:set package 'openloop' build argument 'cmake_force_configure' from command line to 'False'
[0.260s] Level 5:colcon.colcon_core.verb:set package 'openloop' build argument 'ament_cmake_args' from command line to 'None'
[0.260s] Level 5:colcon.colcon_core.verb:set package 'openloop' build argument 'catkin_cmake_args' from command line to 'None'
[0.260s] Level 5:colcon.colcon_core.verb:set package 'openloop' build argument 'catkin_skip_building_tests' from command line to 'False'
[0.260s] DEBUG:colcon.colcon_core.verb:Building package 'openloop' with the following arguments: {'ament_cmake_args': None, 'build_base': '/home/ycao/robotics_course/homework2/build/openloop', 'catkin_cmake_args': None, 'catkin_skip_building_tests': False, 'cmake_args': None, 'cmake_clean_cache': False, 'cmake_clean_first': False, 'cmake_force_configure': False, 'cmake_target': None, 'cmake_target_skip_unavailable': False, 'install_base': '/home/ycao/robotics_course/homework2/install/openloop', 'merge_install': False, 'path': '/home/ycao/robotics_course/homework2/src/openloop', 'symlink_install': False, 'test_result_base': None}
[0.260s] INFO:colcon.colcon_core.executor:Executing jobs using 'parallel' executor
[0.261s] DEBUG:colcon.colcon_parallel_executor.executor.parallel:run_until_complete
[0.261s] INFO:colcon.colcon_ros.task.ament_cmake.build:Building ROS package in '/home/ycao/robotics_course/homework2/src/openloop' with build type 'ament_cmake'
[0.261s] INFO:colcon.colcon_cmake.task.cmake.build:Building CMake package in '/home/ycao/robotics_course/homework2/src/openloop'
[0.264s] INFO:colcon.colcon_core.plugin_system:Skipping extension 'colcon_core.shell.bat': Not used on non-Windows systems
[0.264s] INFO:colcon.colcon_core.shell:Skip shell extension 'powershell' for command environment: Not usable outside of PowerShell
[0.264s] DEBUG:colcon.colcon_core.shell:Skip shell extension 'dsv' for command environment
[0.272s] DEBUG:colcon.colcon_core.event_handler.log_command:Invoking command in '/home/ycao/robotics_course/homework2/build/openloop': CMAKE_PREFIX_PATH=${CMAKE_PREFIX_PATH}:/home/ycao/interbotix_ws/install/interbotix_xs_modules:/home/ycao/interbotix_ws/install/interbotix_perception_modules:/home/ycao/interbotix_ws/install/interbotix_common_modules:/opt/ros/humble /usr/bin/cmake /home/ycao/robotics_course/homework2/src/openloop -DCMAKE_INSTALL_PREFIX=/home/ycao/robotics_course/homework2/install/openloop
[1.645s] DEBUG:colcon.colcon_core.event_handler.log_command:Invoked command in '/home/ycao/robotics_course/homework2/build/openloop' returned '0': CMAKE_PREFIX_PATH=${CMAKE_PREFIX_PATH}:/home/ycao/interbotix_ws/install/interbotix_xs_modules:/home/ycao/interbotix_ws/install/interbotix_perception_modules:/home/ycao/interbotix_ws/install/interbotix_common_modules:/opt/ros/humble /usr/bin/cmake /home/ycao/robotics_course/homework2/src/openloop -DCMAKE_INSTALL_PREFIX=/home/ycao/robotics_course/homework2/install/openloop
[1.646s] DEBUG:colcon.colcon_core.event_handler.log_command:Invoking command in '/home/ycao/robotics_course/homework2/build/openloop': CMAKE_PREFIX_PATH=${CMAKE_PREFIX_PATH}:/home/ycao/interbotix_ws/install/interbotix_xs_modules:/home/ycao/interbotix_ws/install/interbotix_perception_modules:/home/ycao/interbotix_ws/install/interbotix_common_modules:/opt/ros/humble /usr/bin/cmake --build /home/ycao/robotics_course/homework2/build/openloop -- -j20 -l20
[4.753s] DEBUG:colcon.colcon_core.event_handler.log_command:Invoked command in '/home/ycao/robotics_course/homework2/build/openloop' returned '0': CMAKE_PREFIX_PATH=${CMAKE_PREFIX_PATH}:/home/ycao/interbotix_ws/install/interbotix_xs_modules:/home/ycao/interbotix_ws/install/interbotix_perception_modules:/home/ycao/interbotix_ws/install/interbotix_common_modules:/opt/ros/humble /usr/bin/cmake --build /home/ycao/robotics_course/homework2/build/openloop -- -j20 -l20
[4.763s] DEBUG:colcon.colcon_core.event_handler.log_command:Invoking command in '/home/ycao/robotics_course/homework2/build/openloop': CMAKE_PREFIX_PATH=${CMAKE_PREFIX_PATH}:/home/ycao/interbotix_ws/install/interbotix_xs_modules:/home/ycao/interbotix_ws/install/interbotix_perception_modules:/home/ycao/interbotix_ws/install/interbotix_common_modules:/opt/ros/humble /usr/bin/cmake --install /home/ycao/robotics_course/homework2/build/openloop
[4.772s] Level 1:colcon.colcon_core.environment:create_environment_scripts_only(openloop)
[4.772s] DEBUG:colcon.colcon_core.event_handler.log_command:Invoked command in '/home/ycao/robotics_course/homework2/build/openloop' returned '0': CMAKE_PREFIX_PATH=${CMAKE_PREFIX_PATH}:/home/ycao/interbotix_ws/install/interbotix_xs_modules:/home/ycao/interbotix_ws/install/interbotix_perception_modules:/home/ycao/interbotix_ws/install/interbotix_common_modules:/opt/ros/humble /usr/bin/cmake --install /home/ycao/robotics_course/homework2/build/openloop
[4.776s] Level 1:colcon.colcon_core.environment:checking '/home/ycao/robotics_course/homework2/install/openloop' for CMake module files
[4.776s] Level 1:colcon.colcon_core.environment:checking '/home/ycao/robotics_course/homework2/install/openloop' for CMake config files
[4.777s] Level 1:colcon.colcon_core.shell:create_environment_hook('openloop', 'cmake_prefix_path')
[4.777s] INFO:colcon.colcon_core.shell:Creating environment hook '/home/ycao/robotics_course/homework2/install/openloop/share/openloop/hook/cmake_prefix_path.ps1'
[4.777s] INFO:colcon.colcon_core.shell:Creating environment descriptor '/home/ycao/robotics_course/homework2/install/openloop/share/openloop/hook/cmake_prefix_path.dsv'
[4.778s] INFO:colcon.colcon_core.shell:Creating environment hook '/home/ycao/robotics_course/homework2/install/openloop/share/openloop/hook/cmake_prefix_path.sh'
[4.778s] Level 1:colcon.colcon_core.environment:checking '/home/ycao/robotics_course/homework2/install/openloop/lib'
[4.779s] Level 1:colcon.colcon_core.environment:checking '/home/ycao/robotics_course/homework2/install/openloop/bin'
[4.779s] Level 1:colcon.colcon_core.environment:checking '/home/ycao/robotics_course/homework2/install/openloop/lib/pkgconfig/openloop.pc'
[4.779s] Level 1:colcon.colcon_core.environment:checking '/home/ycao/robotics_course/homework2/install/openloop/lib/python3.10/site-packages'
[4.779s] Level 1:colcon.colcon_core.environment:checking '/home/ycao/robotics_course/homework2/install/openloop/bin'
[4.779s] INFO:colcon.colcon_core.shell:Creating package script '/home/ycao/robotics_course/homework2/install/openloop/share/openloop/package.ps1'
[4.780s] INFO:colcon.colcon_core.shell:Creating package descriptor '/home/ycao/robotics_course/homework2/install/openloop/share/openloop/package.dsv'
[4.780s] INFO:colcon.colcon_core.shell:Creating package script '/home/ycao/robotics_course/homework2/install/openloop/share/openloop/package.sh'
[4.781s] INFO:colcon.colcon_core.shell:Creating package script '/home/ycao/robotics_course/homework2/install/openloop/share/openloop/package.bash'
[4.781s] INFO:colcon.colcon_core.shell:Creating package script '/home/ycao/robotics_course/homework2/install/openloop/share/openloop/package.zsh'
[4.782s] Level 1:colcon.colcon_core.environment:create_file_with_runtime_dependencies(/home/ycao/robotics_course/homework2/install/openloop/share/colcon-core/packages/openloop)
[4.782s] Level 1:colcon.colcon_core.environment:create_environment_scripts_only(openloop)
[4.782s] Level 1:colcon.colcon_core.environment:checking '/home/ycao/robotics_course/homework2/install/openloop' for CMake module files
[4.783s] Level 1:colcon.colcon_core.environment:checking '/home/ycao/robotics_course/homework2/install/openloop' for CMake config files
[4.783s] Level 1:colcon.colcon_core.shell:create_environment_hook('openloop', 'cmake_prefix_path')
[4.783s] INFO:colcon.colcon_core.shell:Creating environment hook '/home/ycao/robotics_course/homework2/install/openloop/share/openloop/hook/cmake_prefix_path.ps1'
[4.783s] INFO:colcon.colcon_core.shell:Creating environment descriptor '/home/ycao/robotics_course/homework2/install/openloop/share/openloop/hook/cmake_prefix_path.dsv'
[4.783s] INFO:colcon.colcon_core.shell:Creating environment hook '/home/ycao/robotics_course/homework2/install/openloop/share/openloop/hook/cmake_prefix_path.sh'
[4.784s] Level 1:colcon.colcon_core.environment:checking '/home/ycao/robotics_course/homework2/install/openloop/lib'
[4.784s] Level 1:colcon.colcon_core.environment:checking '/home/ycao/robotics_course/homework2/install/openloop/bin'
[4.784s] Level 1:colcon.colcon_core.environment:checking '/home/ycao/robotics_course/homework2/install/openloop/lib/pkgconfig/openloop.pc'
[4.784s] Level 1:colcon.colcon_core.environment:checking '/home/ycao/robotics_course/homework2/install/openloop/lib/python3.10/site-packages'
[4.784s] Level 1:colcon.colcon_core.environment:checking '/home/ycao/robotics_course/homework2/install/openloop/bin'
[4.784s] INFO:colcon.colcon_core.shell:Creating package script '/home/ycao/robotics_course/homework2/install/openloop/share/openloop/package.ps1'
[4.785s] INFO:colcon.colcon_core.shell:Creating package descriptor '/home/ycao/robotics_course/homework2/install/openloop/share/openloop/package.dsv'
[4.785s] INFO:colcon.colcon_core.shell:Creating package script '/home/ycao/robotics_course/homework2/install/openloop/share/openloop/package.sh'
[4.785s] INFO:colcon.colcon_core.shell:Creating package script '/home/ycao/robotics_course/homework2/install/openloop/share/openloop/package.bash'
[4.785s] INFO:colcon.colcon_core.shell:Creating package script '/home/ycao/robotics_course/homework2/install/openloop/share/openloop/package.zsh'
[4.785s] Level 1:colcon.colcon_core.environment:create_file_with_runtime_dependencies(/home/ycao/robotics_course/homework2/install/openloop/share/colcon-core/packages/openloop)
[4.786s] DEBUG:colcon.colcon_parallel_executor.executor.parallel:closing loop
[4.786s] DEBUG:colcon.colcon_parallel_executor.executor.parallel:loop closed
[4.786s] DEBUG:colcon.colcon_parallel_executor.executor.parallel:run_until_complete finished with '0'
[4.786s] DEBUG:colcon.colcon_core.event_reactor:joining thread
[4.790s] INFO:colcon.colcon_core.plugin_system:Skipping extension 'colcon_notification.desktop_notification.terminal_notifier': Not used on non-Darwin systems
[4.790s] INFO:colcon.colcon_core.plugin_system:Skipping extension 'colcon_notification.desktop_notification.win32': Not used on non-Windows systems
[4.790s] INFO:colcon.colcon_notification.desktop_notification:Sending desktop notification using 'notify2'
[4.800s] DEBUG:colcon.colcon_core.event_reactor:joined thread
[4.800s] INFO:colcon.colcon_core.shell:Creating prefix script '/home/ycao/robotics_course/homework2/install/local_setup.ps1'
[4.801s] INFO:colcon.colcon_core.shell:Creating prefix util module '/home/ycao/robotics_course/homework2/install/_local_setup_util_ps1.py'
[4.802s] INFO:colcon.colcon_core.shell:Creating prefix chain script '/home/ycao/robotics_course/homework2/install/setup.ps1'
[4.804s] INFO:colcon.colcon_core.shell:Creating prefix script '/home/ycao/robotics_course/homework2/install/local_setup.sh'
[4.804s] INFO:colcon.colcon_core.shell:Creating prefix util module '/home/ycao/robotics_course/homework2/install/_local_setup_util_sh.py'
[4.805s] INFO:colcon.colcon_core.shell:Creating prefix chain script '/home/ycao/robotics_course/homework2/install/setup.sh'
[4.806s] INFO:colcon.colcon_core.shell:Creating prefix script '/home/ycao/robotics_course/homework2/install/local_setup.bash'
[4.807s] INFO:colcon.colcon_core.shell:Creating prefix chain script '/home/ycao/robotics_course/homework2/install/setup.bash'
[4.808s] INFO:colcon.colcon_core.shell:Creating prefix script '/home/ycao/robotics_course/homework2/install/local_setup.zsh'
[4.809s] INFO:colcon.colcon_core.shell:Creating prefix chain script '/home/ycao/robotics_course/homework2/install/setup.zsh'
