[0.073s] DEBUG:colcon:Command line arguments: ['/usr/bin/colcon', 'build']
[0.073s] DEBUG:colcon:Parsed command line arguments: Namespace(log_base=None, log_level=None, verb_name='build', build_base='build', install_base='install', merge_install=False, symlink_install=False, test_result_base=None, continue_on_error=False, executor='parallel', parallel_workers=32, event_handlers=None, ignore_user_meta=False, metas=['./colcon.meta'], base_paths=['.'], packages_ignore=None, packages_ignore_regex=None, paths=None, packages_up_to=None, packages_up_to_regex=None, packages_above=None, packages_above_and_dependencies=None, packages_above_depth=None, packages_select_by_dep=None, packages_skip_by_dep=None, packages_skip_up_to=None, packages_select_build_failed=False, packages_skip_build_finished=False, packages_select_test_failures=False, packages_skip_test_passed=False, packages_select=None, packages_skip=None, packages_select_regex=None, packages_skip_regex=None, packages_start=None, packages_end=None, allow_overriding=[], cmake_args=None, cmake_target=None, cmake_target_skip_unavailable=False, cmake_clean_cache=False, cmake_clean_first=False, cmake_force_configure=False, ament_cmake_args=None, catkin_cmake_args=None, catkin_skip_building_tests=False, mixin_files=None, mixin=None, verb_parser=<colcon_mixin.mixin.mixin_argument.MixinArgumentDecorator object at 0x7451514633a0>, verb_extension=<colcon_core.verb.build.BuildVerb object at 0x745151462e30>, main=<bound method BuildVerb.main of <colcon_core.verb.build.BuildVerb object at 0x745151462e30>>, mixin_verb=('build',))
[0.175s] Level 1:colcon.colcon_core.package_discovery:discover_packages(colcon_meta) check parameters
[0.175s] Level 1:colcon.colcon_core.package_discovery:discover_packages(recursive) check parameters
[0.175s] Level 1:colcon.colcon_core.package_discovery:discover_packages(ignore) check parameters
[0.175s] Level 1:colcon.colcon_core.package_discovery:discover_packages(path) check parameters
[0.175s] Level 1:colcon.colcon_core.package_discovery:discover_packages(colcon_meta) discover
[0.176s] Level 1:colcon.colcon_core.package_discovery:discover_packages(recursive) discover
[0.176s] INFO:colcon.colcon_core.package_discovery:Crawling recursively for packages in '/home/ycao/robotics_course/homework3'
[0.176s] Level 1:colcon.colcon_core.package_identification:_identify(.) by extensions ['ignore', 'ignore_ament_install']
[0.176s] Level 1:colcon.colcon_core.package_identification:_identify(.) by extension 'ignore'
[0.176s] Level 1:colcon.colcon_core.package_identification:_identify(.) by extension 'ignore_ament_install'
[0.176s] Level 1:colcon.colcon_core.package_identification:_identify(.) by extensions ['colcon_pkg']
[0.176s] Level 1:colcon.colcon_core.package_identification:_identify(.) by extension 'colcon_pkg'
[0.176s] Level 1:colcon.colcon_core.package_identification:_identify(.) by extensions ['colcon_meta']
[0.176s] Level 1:colcon.colcon_core.package_identification:_identify(.) by extension 'colcon_meta'
[0.176s] Level 1:colcon.colcon_core.package_identification:_identify(.) by extensions ['ros']
[0.176s] Level 1:colcon.colcon_core.package_identification:_identify(.) by extension 'ros'
[0.182s] Level 1:colcon.colcon_core.package_identification:_identify(.) by extensions ['cmake', 'python']
[0.182s] Level 1:colcon.colcon_core.package_identification:_identify(.) by extension 'cmake'
[0.182s] Level 1:colcon.colcon_core.package_identification:_identify(.) by extension 'python'
[0.182s] Level 1:colcon.colcon_core.package_identification:_identify(.) by extensions ['python_setup_py']
[0.182s] Level 1:colcon.colcon_core.package_identification:_identify(.) by extension 'python_setup_py'
[0.182s] Level 1:colcon.colcon_core.package_identification:_identify(build) by extensions ['ignore', 'ignore_ament_install']
[0.182s] Level 1:colcon.colcon_core.package_identification:_identify(build) by extension 'ignore'
[0.182s] Level 1:colcon.colcon_core.package_identification:_identify(build) ignored
[0.182s] Level 1:colcon.colcon_core.package_identification:_identify(install) by extensions ['ignore', 'ignore_ament_install']
[0.182s] Level 1:colcon.colcon_core.package_identification:_identify(install) by extension 'ignore'
[0.182s] Level 1:colcon.colcon_core.package_identification:_identify(install) ignored
[0.182s] Level 1:colcon.colcon_core.package_identification:_identify(log) by extensions ['ignore', 'ignore_ament_install']
[0.182s] Level 1:colcon.colcon_core.package_identification:_identify(log) by extension 'ignore'
[0.182s] Level 1:colcon.colcon_core.package_identification:_identify(log) ignored
[0.182s] Level 1:colcon.colcon_core.package_identification:_identify(src) by extensions ['ignore', 'ignore_ament_install']
[0.182s] Level 1:colcon.colcon_core.package_identification:_identify(src) by extension 'ignore'
[0.182s] Level 1:colcon.colcon_core.package_identification:_identify(src) by extension 'ignore_ament_install'
[0.182s] Level 1:colcon.colcon_core.package_identification:_identify(src) by extensions ['colcon_pkg']
[0.182s] Level 1:colcon.colcon_core.package_identification:_identify(src) by extension 'colcon_pkg'
[0.182s] Level 1:colcon.colcon_core.package_identification:_identify(src) by extensions ['colcon_meta']
[0.182s] Level 1:colcon.colcon_core.package_identification:_identify(src) by extension 'colcon_meta'
[0.182s] Level 1:colcon.colcon_core.package_identification:_identify(src) by extensions ['ros']
[0.182s] Level 1:colcon.colcon_core.package_identification:_identify(src) by extension 'ros'
[0.182s] Level 1:colcon.colcon_core.package_identification:_identify(src) by extensions ['cmake', 'python']
[0.182s] Level 1:colcon.colcon_core.package_identification:_identify(src) by extension 'cmake'
[0.183s] Level 1:colcon.colcon_core.package_identification:_identify(src) by extension 'python'
[0.183s] Level 1:colcon.colcon_core.package_identification:_identify(src) by extensions ['python_setup_py']
[0.183s] Level 1:colcon.colcon_core.package_identification:_identify(src) by extension 'python_setup_py'
[0.183s] Level 1:colcon.colcon_core.package_identification:_identify(src/closedloop) by extensions ['ignore', 'ignore_ament_install']
[0.183s] Level 1:colcon.colcon_core.package_identification:_identify(src/closedloop) by extension 'ignore'
[0.183s] Level 1:colcon.colcon_core.package_identification:_identify(src/closedloop) by extension 'ignore_ament_install'
[0.183s] Level 1:colcon.colcon_core.package_identification:_identify(src/closedloop) by extensions ['colcon_pkg']
[0.183s] Level 1:colcon.colcon_core.package_identification:_identify(src/closedloop) by extension 'colcon_pkg'
[0.183s] Level 1:colcon.colcon_core.package_identification:_identify(src/closedloop) by extensions ['colcon_meta']
[0.183s] Level 1:colcon.colcon_core.package_identification:_identify(src/closedloop) by extension 'colcon_meta'
[0.183s] Level 1:colcon.colcon_core.package_identification:_identify(src/closedloop) by extensions ['ros']
[0.183s] Level 1:colcon.colcon_core.package_identification:_identify(src/closedloop) by extension 'ros'
[0.184s] DEBUG:colcon.colcon_core.package_identification:Package 'src/closedloop' with type 'ros.ament_cmake' and name 'closedloop'
[0.184s] Level 1:colcon.colcon_core.package_discovery:discover_packages(recursive) using defaults
[0.184s] Level 1:colcon.colcon_core.package_discovery:discover_packages(ignore) discover
[0.184s] Level 1:colcon.colcon_core.package_discovery:discover_packages(ignore) using defaults
[0.184s] Level 1:colcon.colcon_core.package_discovery:discover_packages(path) discover
[0.184s] Level 1:colcon.colcon_core.package_discovery:discover_packages(path) using defaults
[0.205s] Level 1:colcon.colcon_core.package_discovery:discover_packages(prefix_path) check parameters
[0.205s] Level 1:colcon.colcon_core.package_discovery:discover_packages(prefix_path) discover
[0.206s] DEBUG:colcon.colcon_installed_package_information.package_discovery:Found 1 installed packages in /home/ycao/robotics_course/homework3/install
[0.206s] DEBUG:colcon.colcon_installed_package_information.package_discovery:Found 4 installed packages in /home/ycao/unitree_ros2/cyclonedds_ws/install
[0.207s] DEBUG:colcon.colcon_installed_package_information.package_discovery:Found 433 installed packages in /opt/ros/humble
[0.208s] Level 1:colcon.colcon_core.package_discovery:discover_packages(prefix_path) using defaults
[0.243s] Level 5:colcon.colcon_core.verb:set package 'closedloop' build argument 'cmake_args' from command line to 'None'
[0.244s] Level 5:colcon.colcon_core.verb:set package 'closedloop' build argument 'cmake_target' from command line to 'None'
[0.244s] Level 5:colcon.colcon_core.verb:set package 'closedloop' build argument 'cmake_target_skip_unavailable' from command line to 'False'
[0.244s] Level 5:colcon.colcon_core.verb:set package 'closedloop' build argument 'cmake_clean_cache' from command line to 'False'
[0.244s] Level 5:colcon.colcon_core.verb:set package 'closedloop' build argument 'cmake_clean_first' from command line to 'False'
[0.244s] Level 5:colcon.colcon_core.verb:set package 'closedloop' build argument 'cmake_force_configure' from command line to 'False'
[0.244s] Level 5:colcon.colcon_core.verb:set package 'closedloop' build argument 'ament_cmake_args' from command line to 'None'
[0.244s] Level 5:colcon.colcon_core.verb:set package 'closedloop' build argument 'catkin_cmake_args' from command line to 'None'
[0.244s] Level 5:colcon.colcon_core.verb:set package 'closedloop' build argument 'catkin_skip_building_tests' from command line to 'False'
[0.244s] DEBUG:colcon.colcon_core.verb:Building package 'closedloop' with the following arguments: {'ament_cmake_args': None, 'build_base': '/home/ycao/robotics_course/homework3/build/closedloop', 'catkin_cmake_args': None, 'catkin_skip_building_tests': False, 'cmake_args': None, 'cmake_clean_cache': False, 'cmake_clean_first': False, 'cmake_force_configure': False, 'cmake_target': None, 'cmake_target_skip_unavailable': False, 'install_base': '/home/ycao/robotics_course/homework3/install/closedloop', 'merge_install': False, 'path': '/home/ycao/robotics_course/homework3/src/closedloop', 'symlink_install': False, 'test_result_base': None}
[0.244s] INFO:colcon.colcon_core.executor:Executing jobs using 'parallel' executor
[0.245s] DEBUG:colcon.colcon_parallel_executor.executor.parallel:run_until_complete
[0.245s] INFO:colcon.colcon_ros.task.ament_cmake.build:Building ROS package in '/home/ycao/robotics_course/homework3/src/closedloop' with build type 'ament_cmake'
[0.245s] INFO:colcon.colcon_cmake.task.cmake.build:Building CMake package in '/home/ycao/robotics_course/homework3/src/closedloop'
[0.247s] INFO:colcon.colcon_core.plugin_system:Skipping extension 'colcon_core.shell.bat': Not used on non-Windows systems
[0.247s] INFO:colcon.colcon_core.shell:Skip shell extension 'powershell' for command environment: Not usable outside of PowerShell
[0.247s] DEBUG:colcon.colcon_core.shell:Skip shell extension 'dsv' for command environment
[0.253s] DEBUG:colcon.colcon_core.event_handler.log_command:Invoking command in '/home/ycao/robotics_course/homework3/build/closedloop': CMAKE_PREFIX_PATH=${CMAKE_PREFIX_PATH}:/opt/ros/humble /usr/bin/cmake --build /home/ycao/robotics_course/homework3/build/closedloop -- -j32 -l32
[6.600s] DEBUG:colcon.colcon_core.event_handler.log_command:Invoked command in '/home/ycao/robotics_course/homework3/build/closedloop' returned '0': CMAKE_PREFIX_PATH=${CMAKE_PREFIX_PATH}:/opt/ros/humble /usr/bin/cmake --build /home/ycao/robotics_course/homework3/build/closedloop -- -j32 -l32
[6.608s] DEBUG:colcon.colcon_core.event_handler.log_command:Invoking command in '/home/ycao/robotics_course/homework3/build/closedloop': CMAKE_PREFIX_PATH=${CMAKE_PREFIX_PATH}:/opt/ros/humble /usr/bin/cmake --install /home/ycao/robotics_course/homework3/build/closedloop
[6.619s] Level 1:colcon.colcon_core.environment:create_environment_scripts_only(closedloop)
[6.619s] DEBUG:colcon.colcon_core.event_handler.log_command:Invoked command in '/home/ycao/robotics_course/homework3/build/closedloop' returned '0': CMAKE_PREFIX_PATH=${CMAKE_PREFIX_PATH}:/opt/ros/humble /usr/bin/cmake --install /home/ycao/robotics_course/homework3/build/closedloop
[6.621s] Level 1:colcon.colcon_core.environment:checking '/home/ycao/robotics_course/homework3/install/closedloop' for CMake module files
[6.622s] Level 1:colcon.colcon_core.environment:checking '/home/ycao/robotics_course/homework3/install/closedloop' for CMake config files
[6.622s] Level 1:colcon.colcon_core.shell:create_environment_hook('closedloop', 'cmake_prefix_path')
[6.622s] INFO:colcon.colcon_core.shell:Creating environment hook '/home/ycao/robotics_course/homework3/install/closedloop/share/closedloop/hook/cmake_prefix_path.ps1'
[6.623s] INFO:colcon.colcon_core.shell:Creating environment descriptor '/home/ycao/robotics_course/homework3/install/closedloop/share/closedloop/hook/cmake_prefix_path.dsv'
[6.623s] INFO:colcon.colcon_core.shell:Creating environment hook '/home/ycao/robotics_course/homework3/install/closedloop/share/closedloop/hook/cmake_prefix_path.sh'
[6.624s] Level 1:colcon.colcon_core.environment:checking '/home/ycao/robotics_course/homework3/install/closedloop/lib'
[6.624s] Level 1:colcon.colcon_core.environment:checking '/home/ycao/robotics_course/homework3/install/closedloop/bin'
[6.624s] Level 1:colcon.colcon_core.environment:checking '/home/ycao/robotics_course/homework3/install/closedloop/lib/pkgconfig/closedloop.pc'
[6.624s] Level 1:colcon.colcon_core.environment:checking '/home/ycao/robotics_course/homework3/install/closedloop/lib/python3.10/site-packages'
[6.624s] Level 1:colcon.colcon_core.environment:checking '/home/ycao/robotics_course/homework3/install/closedloop/bin'
[6.625s] INFO:colcon.colcon_core.shell:Creating package script '/home/ycao/robotics_course/homework3/install/closedloop/share/closedloop/package.ps1'
[6.625s] INFO:colcon.colcon_core.shell:Creating package descriptor '/home/ycao/robotics_course/homework3/install/closedloop/share/closedloop/package.dsv'
[6.626s] INFO:colcon.colcon_core.shell:Creating package script '/home/ycao/robotics_course/homework3/install/closedloop/share/closedloop/package.sh'
[6.626s] INFO:colcon.colcon_core.shell:Creating package script '/home/ycao/robotics_course/homework3/install/closedloop/share/closedloop/package.bash'
[6.627s] INFO:colcon.colcon_core.shell:Creating package script '/home/ycao/robotics_course/homework3/install/closedloop/share/closedloop/package.zsh'
[6.627s] Level 1:colcon.colcon_core.environment:create_file_with_runtime_dependencies(/home/ycao/robotics_course/homework3/install/closedloop/share/colcon-core/packages/closedloop)
[6.628s] Level 1:colcon.colcon_core.environment:create_environment_scripts_only(closedloop)
[6.628s] Level 1:colcon.colcon_core.environment:checking '/home/ycao/robotics_course/homework3/install/closedloop' for CMake module files
[6.628s] Level 1:colcon.colcon_core.environment:checking '/home/ycao/robotics_course/homework3/install/closedloop' for CMake config files
[6.629s] Level 1:colcon.colcon_core.shell:create_environment_hook('closedloop', 'cmake_prefix_path')
[6.629s] INFO:colcon.colcon_core.shell:Creating environment hook '/home/ycao/robotics_course/homework3/install/closedloop/share/closedloop/hook/cmake_prefix_path.ps1'
[6.629s] INFO:colcon.colcon_core.shell:Creating environment descriptor '/home/ycao/robotics_course/homework3/install/closedloop/share/closedloop/hook/cmake_prefix_path.dsv'
[6.629s] INFO:colcon.colcon_core.shell:Creating environment hook '/home/ycao/robotics_course/homework3/install/closedloop/share/closedloop/hook/cmake_prefix_path.sh'
[6.630s] Level 1:colcon.colcon_core.environment:checking '/home/ycao/robotics_course/homework3/install/closedloop/lib'
[6.630s] Level 1:colcon.colcon_core.environment:checking '/home/ycao/robotics_course/homework3/install/closedloop/bin'
[6.630s] Level 1:colcon.colcon_core.environment:checking '/home/ycao/robotics_course/homework3/install/closedloop/lib/pkgconfig/closedloop.pc'
[6.630s] Level 1:colcon.colcon_core.environment:checking '/home/ycao/robotics_course/homework3/install/closedloop/lib/python3.10/site-packages'
[6.630s] Level 1:colcon.colcon_core.environment:checking '/home/ycao/robotics_course/homework3/install/closedloop/bin'
[6.630s] INFO:colcon.colcon_core.shell:Creating package script '/home/ycao/robotics_course/homework3/install/closedloop/share/closedloop/package.ps1'
[6.631s] INFO:colcon.colcon_core.shell:Creating package descriptor '/home/ycao/robotics_course/homework3/install/closedloop/share/closedloop/package.dsv'
[6.631s] INFO:colcon.colcon_core.shell:Creating package script '/home/ycao/robotics_course/homework3/install/closedloop/share/closedloop/package.sh'
[6.632s] INFO:colcon.colcon_core.shell:Creating package script '/home/ycao/robotics_course/homework3/install/closedloop/share/closedloop/package.bash'
[6.632s] INFO:colcon.colcon_core.shell:Creating package script '/home/ycao/robotics_course/homework3/install/closedloop/share/closedloop/package.zsh'
[6.632s] Level 1:colcon.colcon_core.environment:create_file_with_runtime_dependencies(/home/ycao/robotics_course/homework3/install/closedloop/share/colcon-core/packages/closedloop)
[6.632s] DEBUG:colcon.colcon_parallel_executor.executor.parallel:closing loop
[6.633s] DEBUG:colcon.colcon_parallel_executor.executor.parallel:loop closed
[6.633s] DEBUG:colcon.colcon_parallel_executor.executor.parallel:run_until_complete finished with '0'
[6.633s] DEBUG:colcon.colcon_core.event_reactor:joining thread
[6.637s] INFO:colcon.colcon_core.plugin_system:Skipping extension 'colcon_notification.desktop_notification.terminal_notifier': Not used on non-Darwin systems
[6.637s] INFO:colcon.colcon_core.plugin_system:Skipping extension 'colcon_notification.desktop_notification.win32': Not used on non-Windows systems
[6.637s] INFO:colcon.colcon_notification.desktop_notification:Sending desktop notification using 'notify2'
[6.643s] DEBUG:colcon.colcon_core.event_reactor:joined thread
[6.643s] INFO:colcon.colcon_core.shell:Creating prefix script '/home/ycao/robotics_course/homework3/install/local_setup.ps1'
[6.644s] INFO:colcon.colcon_core.shell:Creating prefix util module '/home/ycao/robotics_course/homework3/install/_local_setup_util_ps1.py'
[6.645s] INFO:colcon.colcon_core.shell:Creating prefix chain script '/home/ycao/robotics_course/homework3/install/setup.ps1'
[6.645s] INFO:colcon.colcon_core.shell:Creating prefix script '/home/ycao/robotics_course/homework3/install/local_setup.sh'
[6.646s] INFO:colcon.colcon_core.shell:Creating prefix util module '/home/ycao/robotics_course/homework3/install/_local_setup_util_sh.py'
[6.646s] INFO:colcon.colcon_core.shell:Creating prefix chain script '/home/ycao/robotics_course/homework3/install/setup.sh'
[6.646s] INFO:colcon.colcon_core.shell:Creating prefix script '/home/ycao/robotics_course/homework3/install/local_setup.bash'
[6.647s] INFO:colcon.colcon_core.shell:Creating prefix chain script '/home/ycao/robotics_course/homework3/install/setup.bash'
[6.647s] INFO:colcon.colcon_core.shell:Creating prefix script '/home/ycao/robotics_course/homework3/install/local_setup.zsh'
[6.647s] INFO:colcon.colcon_core.shell:Creating prefix chain script '/home/ycao/robotics_course/homework3/install/setup.zsh'
