[0.125s] DEBUG:colcon:Command line arguments: ['/usr/bin/colcon', 'build']
[0.125s] DEBUG:colcon:Parsed command line arguments: Namespace(log_base=None, log_level=None, verb_name='build', build_base='build', install_base='install', merge_install=False, symlink_install=False, test_result_base=None, continue_on_error=False, executor='parallel', parallel_workers=20, event_handlers=None, ignore_user_meta=False, metas=['./colcon.meta'], base_paths=['.'], packages_ignore=None, packages_ignore_regex=None, paths=None, packages_up_to=None, packages_up_to_regex=None, packages_above=None, packages_above_and_dependencies=None, packages_above_depth=None, packages_select_by_dep=None, packages_skip_by_dep=None, packages_skip_up_to=None, packages_select_build_failed=False, packages_skip_build_finished=False, packages_select_test_failures=False, packages_skip_test_passed=False, packages_select=None, packages_skip=None, packages_select_regex=None, packages_skip_regex=None, packages_start=None, packages_end=None, allow_overriding=[], cmake_args=None, cmake_target=None, cmake_target_skip_unavailable=False, cmake_clean_cache=False, cmake_clean_first=False, cmake_force_configure=False, ament_cmake_args=None, catkin_cmake_args=None, catkin_skip_building_tests=False, mixin_files=None, mixin=None, verb_parser=<colcon_mixin.mixin.mixin_argument.MixinArgumentDecorator object at 0x7436a1688250>, verb_extension=<colcon_core.verb.build.BuildVerb object at 0x7436a1657d60>, main=<bound method BuildVerb.main of <colcon_core.verb.build.BuildVerb object at 0x7436a1657d60>>, mixin_verb=('build',))
[0.261s] Level 1:colcon.colcon_core.package_discovery:discover_packages(colcon_meta) check parameters
[0.261s] Level 1:colcon.colcon_core.package_discovery:discover_packages(recursive) check parameters
[0.261s] Level 1:colcon.colcon_core.package_discovery:discover_packages(ignore) check parameters
[0.261s] Level 1:colcon.colcon_core.package_discovery:discover_packages(path) check parameters
[0.261s] Level 1:colcon.colcon_core.package_discovery:discover_packages(colcon_meta) discover
[0.261s] Level 1:colcon.colcon_core.package_discovery:discover_packages(recursive) discover
[0.261s] INFO:colcon.colcon_core.package_discovery:Crawling recursively for packages in '/home/ycao/robotics_course/homework2'
[0.261s] Level 1:colcon.colcon_core.package_identification:_identify(.) by extensions ['ignore', 'ignore_ament_install']
[0.261s] Level 1:colcon.colcon_core.package_identification:_identify(.) by extension 'ignore'
[0.262s] Level 1:colcon.colcon_core.package_identification:_identify(.) by extension 'ignore_ament_install'
[0.262s] Level 1:colcon.colcon_core.package_identification:_identify(.) by extensions ['colcon_pkg']
[0.262s] Level 1:colcon.colcon_core.package_identification:_identify(.) by extension 'colcon_pkg'
[0.262s] Level 1:colcon.colcon_core.package_identification:_identify(.) by extensions ['colcon_meta']
[0.262s] Level 1:colcon.colcon_core.package_identification:_identify(.) by extension 'colcon_meta'
[0.262s] Level 1:colcon.colcon_core.package_identification:_identify(.) by extensions ['ros']
[0.262s] Level 1:colcon.colcon_core.package_identification:_identify(.) by extension 'ros'
[0.270s] Level 1:colcon.colcon_core.package_identification:_identify(.) by extensions ['cmake', 'python']
[0.270s] Level 1:colcon.colcon_core.package_identification:_identify(.) by extension 'cmake'
[0.270s] Level 1:colcon.colcon_core.package_identification:_identify(.) by extension 'python'
[0.271s] Level 1:colcon.colcon_core.package_identification:_identify(.) by extensions ['python_setup_py']
[0.271s] Level 1:colcon.colcon_core.package_identification:_identify(.) by extension 'python_setup_py'
[0.271s] Level 1:colcon.colcon_core.package_identification:_identify(build) by extensions ['ignore', 'ignore_ament_install']
[0.271s] Level 1:colcon.colcon_core.package_identification:_identify(build) by extension 'ignore'
[0.271s] Level 1:colcon.colcon_core.package_identification:_identify(build) ignored
[0.271s] Level 1:colcon.colcon_core.package_identification:_identify(install) by extensions ['ignore', 'ignore_ament_install']
[0.271s] Level 1:colcon.colcon_core.package_identification:_identify(install) by extension 'ignore'
[0.271s] Level 1:colcon.colcon_core.package_identification:_identify(install) ignored
[0.271s] Level 1:colcon.colcon_core.package_identification:_identify(log) by extensions ['ignore', 'ignore_ament_install']
[0.271s] Level 1:colcon.colcon_core.package_identification:_identify(log) by extension 'ignore'
[0.271s] Level 1:colcon.colcon_core.package_identification:_identify(log) ignored
[0.271s] Level 1:colcon.colcon_core.package_identification:_identify(src) by extensions ['ignore', 'ignore_ament_install']
[0.271s] Level 1:colcon.colcon_core.package_identification:_identify(src) by extension 'ignore'
[0.271s] Level 1:colcon.colcon_core.package_identification:_identify(src) by extension 'ignore_ament_install'
[0.271s] Level 1:colcon.colcon_core.package_identification:_identify(src) by extensions ['colcon_pkg']
[0.271s] Level 1:colcon.colcon_core.package_identification:_identify(src) by extension 'colcon_pkg'
[0.271s] Level 1:colcon.colcon_core.package_identification:_identify(src) by extensions ['colcon_meta']
[0.271s] Level 1:colcon.colcon_core.package_identification:_identify(src) by extension 'colcon_meta'
[0.271s] Level 1:colcon.colcon_core.package_identification:_identify(src) by extensions ['ros']
[0.271s] Level 1:colcon.colcon_core.package_identification:_identify(src) by extension 'ros'
[0.271s] Level 1:colcon.colcon_core.package_identification:_identify(src) by extensions ['cmake', 'python']
[0.271s] Level 1:colcon.colcon_core.package_identification:_identify(src) by extension 'cmake'
[0.271s] Level 1:colcon.colcon_core.package_identification:_identify(src) by extension 'python'
[0.271s] Level 1:colcon.colcon_core.package_identification:_identify(src) by extensions ['python_setup_py']
[0.271s] Level 1:colcon.colcon_core.package_identification:_identify(src) by extension 'python_setup_py'
[0.272s] Level 1:colcon.colcon_core.package_identification:_identify(src/openloop) by extensions ['ignore', 'ignore_ament_install']
[0.272s] Level 1:colcon.colcon_core.package_identification:_identify(src/openloop) by extension 'ignore'
[0.272s] Level 1:colcon.colcon_core.package_identification:_identify(src/openloop) by extension 'ignore_ament_install'
[0.272s] Level 1:colcon.colcon_core.package_identification:_identify(src/openloop) by extensions ['colcon_pkg']
[0.272s] Level 1:colcon.colcon_core.package_identification:_identify(src/openloop) by extension 'colcon_pkg'
[0.272s] Level 1:colcon.colcon_core.package_identification:_identify(src/openloop) by extensions ['colcon_meta']
[0.272s] Level 1:colcon.colcon_core.package_identification:_identify(src/openloop) by extension 'colcon_meta'
[0.272s] Level 1:colcon.colcon_core.package_identification:_identify(src/openloop) by extensions ['ros']
[0.272s] Level 1:colcon.colcon_core.package_identification:_identify(src/openloop) by extension 'ros'
[0.274s] DEBUG:colcon.colcon_core.package_identification:Package 'src/openloop' with type 'ros.ament_cmake' and name 'openloop'
[0.274s] Level 1:colcon.colcon_core.package_discovery:discover_packages(recursive) using defaults
[0.274s] Level 1:colcon.colcon_core.package_discovery:discover_packages(ignore) discover
[0.274s] Level 1:colcon.colcon_core.package_discovery:discover_packages(ignore) using defaults
[0.274s] Level 1:colcon.colcon_core.package_discovery:discover_packages(path) discover
[0.274s] Level 1:colcon.colcon_core.package_discovery:discover_packages(path) using defaults
[0.305s] Level 1:colcon.colcon_core.package_discovery:discover_packages(prefix_path) check parameters
[0.305s] Level 1:colcon.colcon_core.package_discovery:discover_packages(prefix_path) discover
[0.315s] DEBUG:colcon.colcon_installed_package_information.package_discovery:Found 1 installed packages in /home/ycao/robotics_course/homework2/install
[0.320s] DEBUG:colcon.colcon_installed_package_information.package_discovery:Found 34 installed packages in /home/ycao/interbotix_ws/install
[0.323s] DEBUG:colcon.colcon_installed_package_information.package_discovery:Found 1 installed packages in /home/ycao/apriltag_ws/install
[0.330s] DEBUG:colcon.colcon_installed_package_information.package_discovery:Found 429 installed packages in /opt/ros/humble
[0.336s] Level 1:colcon.colcon_core.package_discovery:discover_packages(prefix_path) using defaults
[0.426s] Level 5:colcon.colcon_core.verb:set package 'openloop' build argument 'cmake_args' from command line to 'None'
[0.426s] Level 5:colcon.colcon_core.verb:set package 'openloop' build argument 'cmake_target' from command line to 'None'
[0.426s] Level 5:colcon.colcon_core.verb:set package 'openloop' build argument 'cmake_target_skip_unavailable' from command line to 'False'
[0.426s] Level 5:colcon.colcon_core.verb:set package 'openloop' build argument 'cmake_clean_cache' from command line to 'False'
[0.426s] Level 5:colcon.colcon_core.verb:set package 'openloop' build argument 'cmake_clean_first' from command line to 'False'
[0.426s] Level 5:colcon.colcon_core.verb:set package 'openloop' build argument 'cmake_force_configure' from command line to 'False'
[0.426s] Level 5:colcon.colcon_core.verb:set package 'openloop' build argument 'ament_cmake_args' from command line to 'None'
[0.426s] Level 5:colcon.colcon_core.verb:set package 'openloop' build argument 'catkin_cmake_args' from command line to 'None'
[0.426s] Level 5:colcon.colcon_core.verb:set package 'openloop' build argument 'catkin_skip_building_tests' from command line to 'False'
[0.426s] DEBUG:colcon.colcon_core.verb:Building package 'openloop' with the following arguments: {'ament_cmake_args': None, 'build_base': '/home/ycao/robotics_course/homework2/build/openloop', 'catkin_cmake_args': None, 'catkin_skip_building_tests': False, 'cmake_args': None, 'cmake_clean_cache': False, 'cmake_clean_first': False, 'cmake_force_configure': False, 'cmake_target': None, 'cmake_target_skip_unavailable': False, 'install_base': '/home/ycao/robotics_course/homework2/install/openloop', 'merge_install': False, 'path': '/home/ycao/robotics_course/homework2/src/openloop', 'symlink_install': False, 'test_result_base': None}
[0.426s] INFO:colcon.colcon_core.executor:Executing jobs using 'parallel' executor
[0.428s] DEBUG:colcon.colcon_parallel_executor.executor.parallel:run_until_complete
[0.428s] INFO:colcon.colcon_ros.task.ament_cmake.build:Building ROS package in '/home/ycao/robotics_course/homework2/src/openloop' with build type 'ament_cmake'
[0.429s] INFO:colcon.colcon_cmake.task.cmake.build:Building CMake package in '/home/ycao/robotics_course/homework2/src/openloop'
[0.432s] INFO:colcon.colcon_core.plugin_system:Skipping extension 'colcon_core.shell.bat': Not used on non-Windows systems
[0.432s] INFO:colcon.colcon_core.shell:Skip shell extension 'powershell' for command environment: Not usable outside of PowerShell
[0.432s] DEBUG:colcon.colcon_core.shell:Skip shell extension 'dsv' for command environment
[0.451s] DEBUG:colcon.colcon_core.event_handler.log_command:Invoking command in '/home/ycao/robotics_course/homework2/build/openloop': CMAKE_PREFIX_PATH=${CMAKE_PREFIX_PATH}:/home/ycao/interbotix_ws/install/interbotix_xs_modules:/home/ycao/interbotix_ws/install/interbotix_perception_modules:/home/ycao/interbotix_ws/install/interbotix_common_modules:/opt/ros/humble /usr/bin/cmake --build /home/ycao/robotics_course/homework2/build/openloop -- -j20 -l20
[7.586s] DEBUG:colcon.colcon_core.event_handler.log_command:Invoked command in '/home/ycao/robotics_course/homework2/build/openloop' returned '0': CMAKE_PREFIX_PATH=${CMAKE_PREFIX_PATH}:/home/ycao/interbotix_ws/install/interbotix_xs_modules:/home/ycao/interbotix_ws/install/interbotix_perception_modules:/home/ycao/interbotix_ws/install/interbotix_common_modules:/opt/ros/humble /usr/bin/cmake --build /home/ycao/robotics_course/homework2/build/openloop -- -j20 -l20
[7.617s] DEBUG:colcon.colcon_core.event_handler.log_command:Invoking command in '/home/ycao/robotics_course/homework2/build/openloop': CMAKE_PREFIX_PATH=${CMAKE_PREFIX_PATH}:/home/ycao/interbotix_ws/install/interbotix_xs_modules:/home/ycao/interbotix_ws/install/interbotix_perception_modules:/home/ycao/interbotix_ws/install/interbotix_common_modules:/opt/ros/humble /usr/bin/cmake --install /home/ycao/robotics_course/homework2/build/openloop
[7.643s] Level 1:colcon.colcon_core.environment:create_environment_scripts_only(openloop)
[7.645s] DEBUG:colcon.colcon_core.event_handler.log_command:Invoked command in '/home/ycao/robotics_course/homework2/build/openloop' returned '0': CMAKE_PREFIX_PATH=${CMAKE_PREFIX_PATH}:/home/ycao/interbotix_ws/install/interbotix_xs_modules:/home/ycao/interbotix_ws/install/interbotix_perception_modules:/home/ycao/interbotix_ws/install/interbotix_common_modules:/opt/ros/humble /usr/bin/cmake --install /home/ycao/robotics_course/homework2/build/openloop
[7.652s] Level 1:colcon.colcon_core.environment:checking '/home/ycao/robotics_course/homework2/install/openloop' for CMake module files
[7.654s] Level 1:colcon.colcon_core.environment:checking '/home/ycao/robotics_course/homework2/install/openloop' for CMake config files
[7.655s] Level 1:colcon.colcon_core.shell:create_environment_hook('openloop', 'cmake_prefix_path')
[7.655s] INFO:colcon.colcon_core.shell:Creating environment hook '/home/ycao/robotics_course/homework2/install/openloop/share/openloop/hook/cmake_prefix_path.ps1'
[7.657s] INFO:colcon.colcon_core.shell:Creating environment descriptor '/home/ycao/robotics_course/homework2/install/openloop/share/openloop/hook/cmake_prefix_path.dsv'
[7.659s] INFO:colcon.colcon_core.shell:Creating environment hook '/home/ycao/robotics_course/homework2/install/openloop/share/openloop/hook/cmake_prefix_path.sh'
[7.661s] Level 1:colcon.colcon_core.environment:checking '/home/ycao/robotics_course/homework2/install/openloop/lib'
[7.662s] Level 1:colcon.colcon_core.environment:checking '/home/ycao/robotics_course/homework2/install/openloop/bin'
[7.662s] Level 1:colcon.colcon_core.environment:checking '/home/ycao/robotics_course/homework2/install/openloop/lib/pkgconfig/openloop.pc'
[7.662s] Level 1:colcon.colcon_core.environment:checking '/home/ycao/robotics_course/homework2/install/openloop/lib/python3.10/site-packages'
[7.663s] Level 1:colcon.colcon_core.environment:checking '/home/ycao/robotics_course/homework2/install/openloop/bin'
[7.663s] INFO:colcon.colcon_core.shell:Creating package script '/home/ycao/robotics_course/homework2/install/openloop/share/openloop/package.ps1'
[7.665s] INFO:colcon.colcon_core.shell:Creating package descriptor '/home/ycao/robotics_course/homework2/install/openloop/share/openloop/package.dsv'
[7.666s] INFO:colcon.colcon_core.shell:Creating package script '/home/ycao/robotics_course/homework2/install/openloop/share/openloop/package.sh'
[7.667s] INFO:colcon.colcon_core.shell:Creating package script '/home/ycao/robotics_course/homework2/install/openloop/share/openloop/package.bash'
[7.668s] INFO:colcon.colcon_core.shell:Creating package script '/home/ycao/robotics_course/homework2/install/openloop/share/openloop/package.zsh'
[7.669s] Level 1:colcon.colcon_core.environment:create_file_with_runtime_dependencies(/home/ycao/robotics_course/homework2/install/openloop/share/colcon-core/packages/openloop)
[7.670s] Level 1:colcon.colcon_core.environment:create_environment_scripts_only(openloop)
[7.670s] Level 1:colcon.colcon_core.environment:checking '/home/ycao/robotics_course/homework2/install/openloop' for CMake module files
[7.670s] Level 1:colcon.colcon_core.environment:checking '/home/ycao/robotics_course/homework2/install/openloop' for CMake config files
[7.671s] Level 1:colcon.colcon_core.shell:create_environment_hook('openloop', 'cmake_prefix_path')
[7.671s] INFO:colcon.colcon_core.shell:Creating environment hook '/home/ycao/robotics_course/homework2/install/openloop/share/openloop/hook/cmake_prefix_path.ps1'
[7.673s] INFO:colcon.colcon_core.shell:Creating environment descriptor '/home/ycao/robotics_course/homework2/install/openloop/share/openloop/hook/cmake_prefix_path.dsv'
[7.674s] INFO:colcon.colcon_core.shell:Creating environment hook '/home/ycao/robotics_course/homework2/install/openloop/share/openloop/hook/cmake_prefix_path.sh'
[7.675s] Level 1:colcon.colcon_core.environment:checking '/home/ycao/robotics_course/homework2/install/openloop/lib'
[7.675s] Level 1:colcon.colcon_core.environment:checking '/home/ycao/robotics_course/homework2/install/openloop/bin'
[7.676s] Level 1:colcon.colcon_core.environment:checking '/home/ycao/robotics_course/homework2/install/openloop/lib/pkgconfig/openloop.pc'
[7.676s] Level 1:colcon.colcon_core.environment:checking '/home/ycao/robotics_course/homework2/install/openloop/lib/python3.10/site-packages'
[7.677s] Level 1:colcon.colcon_core.environment:checking '/home/ycao/robotics_course/homework2/install/openloop/bin'
[7.678s] INFO:colcon.colcon_core.shell:Creating package script '/home/ycao/robotics_course/homework2/install/openloop/share/openloop/package.ps1'
[7.680s] INFO:colcon.colcon_core.shell:Creating package descriptor '/home/ycao/robotics_course/homework2/install/openloop/share/openloop/package.dsv'
[7.682s] INFO:colcon.colcon_core.shell:Creating package script '/home/ycao/robotics_course/homework2/install/openloop/share/openloop/package.sh'
[7.683s] INFO:colcon.colcon_core.shell:Creating package script '/home/ycao/robotics_course/homework2/install/openloop/share/openloop/package.bash'
[7.685s] INFO:colcon.colcon_core.shell:Creating package script '/home/ycao/robotics_course/homework2/install/openloop/share/openloop/package.zsh'
[7.686s] Level 1:colcon.colcon_core.environment:create_file_with_runtime_dependencies(/home/ycao/robotics_course/homework2/install/openloop/share/colcon-core/packages/openloop)
[7.687s] DEBUG:colcon.colcon_parallel_executor.executor.parallel:closing loop
[7.688s] DEBUG:colcon.colcon_parallel_executor.executor.parallel:loop closed
[7.689s] DEBUG:colcon.colcon_parallel_executor.executor.parallel:run_until_complete finished with '0'
[7.689s] DEBUG:colcon.colcon_core.event_reactor:joining thread
[7.707s] INFO:colcon.colcon_core.plugin_system:Skipping extension 'colcon_notification.desktop_notification.terminal_notifier': Not used on non-Darwin systems
[7.707s] INFO:colcon.colcon_core.plugin_system:Skipping extension 'colcon_notification.desktop_notification.win32': Not used on non-Windows systems
[7.707s] INFO:colcon.colcon_notification.desktop_notification:Sending desktop notification using 'notify2'
[7.735s] DEBUG:colcon.colcon_core.event_reactor:joined thread
[7.736s] INFO:colcon.colcon_core.shell:Creating prefix script '/home/ycao/robotics_course/homework2/install/local_setup.ps1'
[7.739s] INFO:colcon.colcon_core.shell:Creating prefix util module '/home/ycao/robotics_course/homework2/install/_local_setup_util_ps1.py'
[7.742s] INFO:colcon.colcon_core.shell:Creating prefix chain script '/home/ycao/robotics_course/homework2/install/setup.ps1'
[7.747s] INFO:colcon.colcon_core.shell:Creating prefix script '/home/ycao/robotics_course/homework2/install/local_setup.sh'
[7.748s] INFO:colcon.colcon_core.shell:Creating prefix util module '/home/ycao/robotics_course/homework2/install/_local_setup_util_sh.py'
[7.749s] INFO:colcon.colcon_core.shell:Creating prefix chain script '/home/ycao/robotics_course/homework2/install/setup.sh'
[7.753s] INFO:colcon.colcon_core.shell:Creating prefix script '/home/ycao/robotics_course/homework2/install/local_setup.bash'
[7.754s] INFO:colcon.colcon_core.shell:Creating prefix chain script '/home/ycao/robotics_course/homework2/install/setup.bash'
[7.759s] INFO:colcon.colcon_core.shell:Creating prefix script '/home/ycao/robotics_course/homework2/install/local_setup.zsh'
[7.761s] INFO:colcon.colcon_core.shell:Creating prefix chain script '/home/ycao/robotics_course/homework2/install/setup.zsh'
