[0.009s] Invoking command in '/home/ycao/robotics_course/homework2/build/openloop': CMAKE_PREFIX_PATH=${CMAKE_PREFIX_PATH}:/home/ycao/interbotix_ws/install/interbotix_xs_modules:/home/ycao/interbotix_ws/install/interbotix_perception_modules:/home/ycao/interbotix_ws/install/interbotix_common_modules:/opt/ros/humble /usr/bin/cmake /home/ycao/robotics_course/homework2/src/openloop -DCMAKE_INSTALL_PREFIX=/home/ycao/robotics_course/homework2/install/openloop
[0.021s] -- Found ament_cmake: 1.3.11 (/opt/ros/humble/share/ament_cmake/cmake)
[0.125s] -- Found rclcpp: 16.0.11 (/opt/ros/humble/share/rclcpp/cmake)
[0.143s] -- Found rosidl_generator_c: 3.1.6 (/opt/ros/humble/share/rosidl_generator_c/cmake)
[0.145s] -- Found rosidl_adapter: 3.1.6 (/opt/ros/humble/share/rosidl_adapter/cmake)
[0.148s] -- Found rosidl_generator_cpp: 3.1.6 (/opt/ros/humble/share/rosidl_generator_cpp/cmake)
[0.155s] -- Using all available rosidl_typesupport_c: rosidl_typesupport_fastrtps_c;rosidl_typesupport_introspection_c
[0.164s] -- Using all available rosidl_typesupport_cpp: rosidl_typesupport_fastrtps_cpp;rosidl_typesupport_introspection_cpp
[0.185s] -- Found rmw_implementation_cmake: 6.1.2 (/opt/ros/humble/share/rmw_implementation_cmake/cmake)
[0.187s] -- Found rmw_cyclonedds_cpp: 1.3.4 (/home/ycao/unitree_ros2/cyclonedds_ws/install/rmw_cyclonedds_cpp/share/rmw_cyclonedds_cpp/cmake)
[0.199s] -- Using RMW implementation 'rmw_cyclonedds_cpp' as default
[0.230s] -- Found ament_lint_auto: 0.12.11 (/opt/ros/humble/share/ament_lint_auto/cmake)
[0.278s] -- Added test 'cppcheck' to perform static code analysis on C / C++ code
[0.278s] -- Configured cppcheck include dirs: 
[0.279s] -- Configured cppcheck exclude dirs and/or files: 
[0.279s] -- Added test 'lint_cmake' to check CMake code style
[0.279s] -- Added test 'uncrustify' to check C / C++ code style
[0.279s] -- Configured uncrustify additional arguments: 
[0.279s] -- Added test 'xmllint' to check XML markup files
[0.280s] -- Configuring done
[0.284s] -- Generating done
[0.286s] -- Build files have been written to: /home/ycao/robotics_course/homework2/build/openloop
[0.290s] Invoked command in '/home/ycao/robotics_course/homework2/build/openloop' returned '0': CMAKE_PREFIX_PATH=${CMAKE_PREFIX_PATH}:/home/ycao/interbotix_ws/install/interbotix_xs_modules:/home/ycao/interbotix_ws/install/interbotix_perception_modules:/home/ycao/interbotix_ws/install/interbotix_common_modules:/opt/ros/humble /usr/bin/cmake /home/ycao/robotics_course/homework2/src/openloop -DCMAKE_INSTALL_PREFIX=/home/ycao/robotics_course/homework2/install/openloop
[0.291s] Invoking command in '/home/ycao/robotics_course/homework2/build/openloop': CMAKE_PREFIX_PATH=${CMAKE_PREFIX_PATH}:/home/ycao/interbotix_ws/install/interbotix_xs_modules:/home/ycao/interbotix_ws/install/interbotix_perception_modules:/home/ycao/interbotix_ws/install/interbotix_common_modules:/opt/ros/humble /usr/bin/cmake --build /home/ycao/robotics_course/homework2/build/openloop -- -j20 -l20
[0.362s] [ 50%] [32mBuilding CXX object CMakeFiles/openloop.dir/src/openloop.cpp.o[0m
[0.500s] [01m[K/home/ycao/robotics_course/homework2/src/openloop/src/openloop.cpp:[m[K In function ‘[01m[Kint main(int, char**)[m[K’:
[0.500s] [01m[K/home/ycao/robotics_course/homework2/src/openloop/src/openloop.cpp:3:14:[m[K [01;35m[Kwarning: [m[Kunused parameter ‘[01m[Kargc[m[K’ [[01;35m[K]8;;https://gcc.gnu.org/onlinedocs/gcc/Warning-Options.html#index-Wunused-parameter-Wunused-parameter]8;;[m[K]
[0.500s]     3 | int main([01;35m[Kint argc[m[K, char* argv[]){
[0.500s]       |          [01;35m[K~~~~^~~~[m[K
[0.501s] [01m[K/home/ycao/robotics_course/homework2/src/openloop/src/openloop.cpp:3:26:[m[K [01;35m[Kwarning: [m[Kunused parameter ‘[01m[Kargv[m[K’ [[01;35m[K]8;;https://gcc.gnu.org/onlinedocs/gcc/Warning-Options.html#index-Wunused-parameter-Wunused-parameter]8;;[m[K]
[0.501s]     3 | int main(int argc, [01;35m[Kchar* argv[][m[K){
[0.501s]       |                    [01;35m[K~~~~~~^~~~~~[m[K
[0.538s] [100%] [32m[1mLinking CXX executable openloop[0m
[0.625s] [100%] Built target openloop
[0.635s] Invoked command in '/home/ycao/robotics_course/homework2/build/openloop' returned '0': CMAKE_PREFIX_PATH=${CMAKE_PREFIX_PATH}:/home/ycao/interbotix_ws/install/interbotix_xs_modules:/home/ycao/interbotix_ws/install/interbotix_perception_modules:/home/ycao/interbotix_ws/install/interbotix_common_modules:/opt/ros/humble /usr/bin/cmake --build /home/ycao/robotics_course/homework2/build/openloop -- -j20 -l20
[0.650s] Invoking command in '/home/ycao/robotics_course/homework2/build/openloop': CMAKE_PREFIX_PATH=${CMAKE_PREFIX_PATH}:/home/ycao/interbotix_ws/install/interbotix_xs_modules:/home/ycao/interbotix_ws/install/interbotix_perception_modules:/home/ycao/interbotix_ws/install/interbotix_common_modules:/opt/ros/humble /usr/bin/cmake --install /home/ycao/robotics_course/homework2/build/openloop
[0.660s] -- Install configuration: ""
[0.660s] -- Installing: /home/ycao/robotics_course/homework2/install/openloop/share/ament_index/resource_index/package_run_dependencies/openloop
[0.661s] -- Installing: /home/ycao/robotics_course/homework2/install/openloop/share/ament_index/resource_index/parent_prefix_path/openloop
[0.661s] -- Installing: /home/ycao/robotics_course/homework2/install/openloop/share/openloop/environment/ament_prefix_path.sh
[0.661s] -- Installing: /home/ycao/robotics_course/homework2/install/openloop/share/openloop/environment/ament_prefix_path.dsv
[0.661s] -- Installing: /home/ycao/robotics_course/homework2/install/openloop/share/openloop/environment/path.sh
[0.661s] -- Installing: /home/ycao/robotics_course/homework2/install/openloop/share/openloop/environment/path.dsv
[0.661s] -- Installing: /home/ycao/robotics_course/homework2/install/openloop/share/openloop/local_setup.bash
[0.661s] -- Installing: /home/ycao/robotics_course/homework2/install/openloop/share/openloop/local_setup.sh
[0.661s] -- Installing: /home/ycao/robotics_course/homework2/install/openloop/share/openloop/local_setup.zsh
[0.661s] -- Installing: /home/ycao/robotics_course/homework2/install/openloop/share/openloop/local_setup.dsv
[0.662s] -- Installing: /home/ycao/robotics_course/homework2/install/openloop/share/openloop/package.dsv
[0.662s] -- Installing: /home/ycao/robotics_course/homework2/install/openloop/share/ament_index/resource_index/packages/openloop
[0.662s] -- Installing: /home/ycao/robotics_course/homework2/install/openloop/share/openloop/cmake/openloopConfig.cmake
[0.662s] -- Installing: /home/ycao/robotics_course/homework2/install/openloop/share/openloop/cmake/openloopConfig-version.cmake
[0.662s] -- Installing: /home/ycao/robotics_course/homework2/install/openloop/share/openloop/package.xml
[0.664s] Invoked command in '/home/ycao/robotics_course/homework2/build/openloop' returned '0': CMAKE_PREFIX_PATH=${CMAKE_PREFIX_PATH}:/home/ycao/interbotix_ws/install/interbotix_xs_modules:/home/ycao/interbotix_ws/install/interbotix_perception_modules:/home/ycao/interbotix_ws/install/interbotix_common_modules:/opt/ros/humble /usr/bin/cmake --install /home/ycao/robotics_course/homework2/build/openloop
