[0.012s] Invoking command in '/home/ycao/robotics_course/homework2/build/openloop': CMAKE_PREFIX_PATH=${CMAKE_PREFIX_PATH}:/home/ycao/interbotix_ws/install/interbotix_xs_modules:/home/ycao/interbotix_ws/install/interbotix_perception_modules:/home/ycao/interbotix_ws/install/interbotix_common_modules:/opt/ros/humble /usr/bin/cmake --build /home/ycao/robotics_course/homework2/build/openloop -- -j20 -l20
[0.102s] [35m[1mConsolidate compiler generated dependencies of target openloop[0m
[0.126s] [100%] Built target openloop
[0.146s] Invoked command in '/home/ycao/robotics_course/homework2/build/openloop' returned '0': CMAKE_PREFIX_PATH=${CMAKE_PREFIX_PATH}:/home/ycao/interbotix_ws/install/interbotix_xs_modules:/home/ycao/interbotix_ws/install/interbotix_perception_modules:/home/ycao/interbotix_ws/install/interbotix_common_modules:/opt/ros/humble /usr/bin/cmake --build /home/ycao/robotics_course/homework2/build/openloop -- -j20 -l20
[0.158s] Invoking command in '/home/ycao/robotics_course/homework2/build/openloop': CMAKE_PREFIX_PATH=${CMAKE_PREFIX_PATH}:/home/ycao/interbotix_ws/install/interbotix_xs_modules:/home/ycao/interbotix_ws/install/interbotix_perception_modules:/home/ycao/interbotix_ws/install/interbotix_common_modules:/opt/ros/humble /usr/bin/cmake --install /home/ycao/robotics_course/homework2/build/openloop
[0.168s] -- Install configuration: ""
[0.168s] -- Up-to-date: /home/ycao/robotics_course/homework2/install/openloop/lib/openloop/openloop
[0.169s] -- Up-to-date: /home/ycao/robotics_course/homework2/install/openloop/share/ament_index/resource_index/package_run_dependencies/openloop
[0.169s] -- Up-to-date: /home/ycao/robotics_course/homework2/install/openloop/share/ament_index/resource_index/parent_prefix_path/openloop
[0.169s] -- Up-to-date: /home/ycao/robotics_course/homework2/install/openloop/share/openloop/environment/ament_prefix_path.sh
[0.169s] -- Up-to-date: /home/ycao/robotics_course/homework2/install/openloop/share/openloop/environment/ament_prefix_path.dsv
[0.169s] -- Up-to-date: /home/ycao/robotics_course/homework2/install/openloop/share/openloop/environment/path.sh
[0.169s] -- Up-to-date: /home/ycao/robotics_course/homework2/install/openloop/share/openloop/environment/path.dsv
[0.169s] -- Up-to-date: /home/ycao/robotics_course/homework2/install/openloop/share/openloop/local_setup.bash
[0.169s] -- Up-to-date: /home/ycao/robotics_course/homework2/install/openloop/share/openloop/local_setup.sh
[0.169s] -- Up-to-date: /home/ycao/robotics_course/homework2/install/openloop/share/openloop/local_setup.zsh
[0.169s] -- Up-to-date: /home/ycao/robotics_course/homework2/install/openloop/share/openloop/local_setup.dsv
[0.169s] -- Installing: /home/ycao/robotics_course/homework2/install/openloop/share/openloop/package.dsv
[0.169s] -- Up-to-date: /home/ycao/robotics_course/homework2/install/openloop/share/ament_index/resource_index/packages/openloop
[0.169s] -- Up-to-date: /home/ycao/robotics_course/homework2/install/openloop/share/openloop/cmake/openloopConfig.cmake
[0.169s] -- Up-to-date: /home/ycao/robotics_course/homework2/install/openloop/share/openloop/cmake/openloopConfig-version.cmake
[0.169s] -- Up-to-date: /home/ycao/robotics_course/homework2/install/openloop/share/openloop/package.xml
[0.171s] Invoked command in '/home/ycao/robotics_course/homework2/build/openloop' returned '0': CMAKE_PREFIX_PATH=${CMAKE_PREFIX_PATH}:/home/ycao/interbotix_ws/install/interbotix_xs_modules:/home/ycao/interbotix_ws/install/interbotix_perception_modules:/home/ycao/interbotix_ws/install/interbotix_common_modules:/opt/ros/humble /usr/bin/cmake --install /home/ycao/robotics_course/homework2/build/openloop
