[0.010s] Invoking command in '/home/ycao/robotics_course/homework2/build/openloop': CMAKE_PREFIX_PATH=${CMAKE_PREFIX_PATH}:/home/ycao/interbotix_ws/install/interbotix_xs_modules:/home/ycao/interbotix_ws/install/interbotix_perception_modules:/home/ycao/interbotix_ws/install/interbotix_common_modules:/opt/ros/humble /usr/bin/cmake --build /home/ycao/robotics_course/homework2/build/openloop -- -j20 -l20
[0.077s] [ 50%] [32mBuilding CXX object CMakeFiles/openloop.dir/src/openloop.cpp.o[0m
[2.904s] [100%] [32m[1mLinking CXX executable openloop[0m
[3.047s] [100%] Built target openloop
[3.062s] Invoked command in '/home/ycao/robotics_course/homework2/build/openloop' returned '0': CMAKE_PREFIX_PATH=${CMAKE_PREFIX_PATH}:/home/ycao/interbotix_ws/install/interbotix_xs_modules:/home/ycao/interbotix_ws/install/interbotix_perception_modules:/home/ycao/interbotix_ws/install/interbotix_common_modules:/opt/ros/humble /usr/bin/cmake --build /home/ycao/robotics_course/homework2/build/openloop -- -j20 -l20
[3.072s] Invoking command in '/home/ycao/robotics_course/homework2/build/openloop': CMAKE_PREFIX_PATH=${CMAKE_PREFIX_PATH}:/home/ycao/interbotix_ws/install/interbotix_xs_modules:/home/ycao/interbotix_ws/install/interbotix_perception_modules:/home/ycao/interbotix_ws/install/interbotix_common_modules:/opt/ros/humble /usr/bin/cmake --install /home/ycao/robotics_course/homework2/build/openloop
[3.083s] -- Install configuration: ""
[3.083s] -- Installing: /home/ycao/robotics_course/homework2/install/openloop/lib/openloop/openloop
[3.084s] -- Set runtime path of "/home/ycao/robotics_course/homework2/install/openloop/lib/openloop/openloop" to ""
[3.084s] -- Up-to-date: /home/ycao/robotics_course/homework2/install/openloop/share/ament_index/resource_index/package_run_dependencies/openloop
[3.084s] -- Up-to-date: /home/ycao/robotics_course/homework2/install/openloop/share/ament_index/resource_index/parent_prefix_path/openloop
[3.084s] -- Up-to-date: /home/ycao/robotics_course/homework2/install/openloop/share/openloop/environment/ament_prefix_path.sh
[3.084s] -- Up-to-date: /home/ycao/robotics_course/homework2/install/openloop/share/openloop/environment/ament_prefix_path.dsv
[3.085s] -- Up-to-date: /home/ycao/robotics_course/homework2/install/openloop/share/openloop/environment/path.sh
[3.085s] -- Up-to-date: /home/ycao/robotics_course/homework2/install/openloop/share/openloop/environment/path.dsv
[3.085s] -- Up-to-date: /home/ycao/robotics_course/homework2/install/openloop/share/openloop/local_setup.bash
[3.085s] -- Up-to-date: /home/ycao/robotics_course/homework2/install/openloop/share/openloop/local_setup.sh
[3.085s] -- Up-to-date: /home/ycao/robotics_course/homework2/install/openloop/share/openloop/local_setup.zsh
[3.085s] -- Up-to-date: /home/ycao/robotics_course/homework2/install/openloop/share/openloop/local_setup.dsv
[3.085s] -- Installing: /home/ycao/robotics_course/homework2/install/openloop/share/openloop/package.dsv
[3.085s] -- Up-to-date: /home/ycao/robotics_course/homework2/install/openloop/share/ament_index/resource_index/packages/openloop
[3.085s] -- Up-to-date: /home/ycao/robotics_course/homework2/install/openloop/share/openloop/cmake/openloopConfig.cmake
[3.085s] -- Up-to-date: /home/ycao/robotics_course/homework2/install/openloop/share/openloop/cmake/openloopConfig-version.cmake
[3.085s] -- Up-to-date: /home/ycao/robotics_course/homework2/install/openloop/share/openloop/package.xml
[3.086s] Invoked command in '/home/ycao/robotics_course/homework2/build/openloop' returned '0': CMAKE_PREFIX_PATH=${CMAKE_PREFIX_PATH}:/home/ycao/interbotix_ws/install/interbotix_xs_modules:/home/ycao/interbotix_ws/install/interbotix_perception_modules:/home/ycao/interbotix_ws/install/interbotix_common_modules:/opt/ros/humble /usr/bin/cmake --install /home/ycao/robotics_course/homework2/build/openloop
