[0.010s] Invoking command in '/home/ycao/robotics_course/homework2/build/openloop': CMAKE_PREFIX_PATH=${CMAKE_PREFIX_PATH}:/home/ycao/interbotix_ws/install/interbotix_xs_modules:/home/ycao/interbotix_ws/install/interbotix_perception_modules:/home/ycao/interbotix_ws/install/interbotix_common_modules:/opt/ros/humble /usr/bin/cmake --build /home/ycao/robotics_course/homework2/build/openloop -- -j20 -l20
[0.040s] -- Found ament_cmake: 1.3.11 (/opt/ros/humble/share/ament_cmake/cmake)
[0.135s] -- Found rclcpp: 16.0.11 (/opt/ros/humble/share/rclcpp/cmake)
[0.154s] -- Found rosidl_generator_c: 3.1.6 (/opt/ros/humble/share/rosidl_generator_c/cmake)
[0.156s] -- Found rosidl_adapter: 3.1.6 (/opt/ros/humble/share/rosidl_adapter/cmake)
[0.159s] -- Found rosidl_generator_cpp: 3.1.6 (/opt/ros/humble/share/rosidl_generator_cpp/cmake)
[0.166s] -- Using all available rosidl_typesupport_c: rosidl_typesupport_fastrtps_c;rosidl_typesupport_introspection_c
[0.175s] -- Using all available rosidl_typesupport_cpp: rosidl_typesupport_fastrtps_cpp;rosidl_typesupport_introspection_cpp
[0.196s] -- Found rmw_implementation_cmake: 6.1.2 (/opt/ros/humble/share/rmw_implementation_cmake/cmake)
[0.198s] -- Found rmw_cyclonedds_cpp: 1.3.4 (/home/ycao/unitree_ros2/cyclonedds_ws/install/rmw_cyclonedds_cpp/share/rmw_cyclonedds_cpp/cmake)
[0.210s] -- Using RMW implementation 'rmw_cyclonedds_cpp' as default
[0.241s] -- Found geometry_msgs: 4.2.4 (/opt/ros/humble/share/geometry_msgs/cmake)
[0.249s] -- Found ament_lint_auto: 0.12.11 (/opt/ros/humble/share/ament_lint_auto/cmake)
[0.299s] -- Added test 'cppcheck' to perform static code analysis on C / C++ code
[0.299s] -- Configured cppcheck include dirs: 
[0.299s] -- Configured cppcheck exclude dirs and/or files: 
[0.299s] -- Added test 'lint_cmake' to check CMake code style
[0.300s] -- Added test 'uncrustify' to check C / C++ code style
[0.300s] -- Configured uncrustify additional arguments: 
[0.300s] -- Added test 'xmllint' to check XML markup files
[0.300s] -- Configuring done
[0.305s] -- Generating done
[0.307s] -- Build files have been written to: /home/ycao/robotics_course/homework2/build/openloop
[0.334s] [35m[1mConsolidate compiler generated dependencies of target openloop[0m
[0.348s] [100%] Built target openloop
[0.365s] Invoked command in '/home/ycao/robotics_course/homework2/build/openloop' returned '0': CMAKE_PREFIX_PATH=${CMAKE_PREFIX_PATH}:/home/ycao/interbotix_ws/install/interbotix_xs_modules:/home/ycao/interbotix_ws/install/interbotix_perception_modules:/home/ycao/interbotix_ws/install/interbotix_common_modules:/opt/ros/humble /usr/bin/cmake --build /home/ycao/robotics_course/homework2/build/openloop -- -j20 -l20
[0.378s] Invoking command in '/home/ycao/robotics_course/homework2/build/openloop': CMAKE_PREFIX_PATH=${CMAKE_PREFIX_PATH}:/home/ycao/interbotix_ws/install/interbotix_xs_modules:/home/ycao/interbotix_ws/install/interbotix_perception_modules:/home/ycao/interbotix_ws/install/interbotix_common_modules:/opt/ros/humble /usr/bin/cmake --install /home/ycao/robotics_course/homework2/build/openloop
[0.389s] -- Install configuration: ""
[0.389s] -- Up-to-date: /home/ycao/robotics_course/homework2/install/openloop/lib/openloop/openloop
[0.389s] -- Installing: /home/ycao/robotics_course/homework2/install/openloop/share/ament_index/resource_index/package_run_dependencies/openloop
[0.390s] -- Up-to-date: /home/ycao/robotics_course/homework2/install/openloop/share/ament_index/resource_index/parent_prefix_path/openloop
[0.390s] -- Up-to-date: /home/ycao/robotics_course/homework2/install/openloop/share/openloop/environment/ament_prefix_path.sh
[0.390s] -- Installing: /home/ycao/robotics_course/homework2/install/openloop/share/openloop/environment/ament_prefix_path.dsv
[0.390s] -- Up-to-date: /home/ycao/robotics_course/homework2/install/openloop/share/openloop/environment/path.sh
[0.390s] -- Installing: /home/ycao/robotics_course/homework2/install/openloop/share/openloop/environment/path.dsv
[0.390s] -- Up-to-date: /home/ycao/robotics_course/homework2/install/openloop/share/openloop/local_setup.bash
[0.390s] -- Up-to-date: /home/ycao/robotics_course/homework2/install/openloop/share/openloop/local_setup.sh
[0.390s] -- Up-to-date: /home/ycao/robotics_course/homework2/install/openloop/share/openloop/local_setup.zsh
[0.390s] -- Installing: /home/ycao/robotics_course/homework2/install/openloop/share/openloop/local_setup.dsv
[0.390s] -- Installing: /home/ycao/robotics_course/homework2/install/openloop/share/openloop/package.dsv
[0.390s] -- Up-to-date: /home/ycao/robotics_course/homework2/install/openloop/share/ament_index/resource_index/packages/openloop
[0.391s] -- Up-to-date: /home/ycao/robotics_course/homework2/install/openloop/share/openloop/cmake/openloopConfig.cmake
[0.391s] -- Up-to-date: /home/ycao/robotics_course/homework2/install/openloop/share/openloop/cmake/openloopConfig-version.cmake
[0.391s] -- Installing: /home/ycao/robotics_course/homework2/install/openloop/share/openloop/package.xml
[0.393s] Invoked command in '/home/ycao/robotics_course/homework2/build/openloop' returned '0': CMAKE_PREFIX_PATH=${CMAKE_PREFIX_PATH}:/home/ycao/interbotix_ws/install/interbotix_xs_modules:/home/ycao/interbotix_ws/install/interbotix_perception_modules:/home/ycao/interbotix_ws/install/interbotix_common_modules:/opt/ros/humble /usr/bin/cmake --install /home/ycao/robotics_course/homework2/build/openloop
