[0.006s] Invoking command in '/home/ycao/robotics_course/homework3/build/closedloop': CMAKE_PREFIX_PATH=${CMAKE_PREFIX_PATH}:/opt/ros/humble /usr/bin/cmake --build /home/ycao/robotics_course/homework3/build/closedloop -- -j32 -l32
[0.031s] [35m[1mConsolidate compiler generated dependencies of target closed_loop[0m
[0.040s] [ 50%] [32mBuilding CXX object CMakeFiles/closed_loop.dir/src/closed_loop.cpp.o[0m
[5.246s] [100%] [32m[1mLinking CXX executable closed_loop[0m
[5.509s] [100%] Built target closed_loop
[5.515s] Invoked command in '/home/ycao/robotics_course/homework3/build/closedloop' returned '0': CMAKE_PREFIX_PATH=${CMAKE_PREFIX_PATH}:/opt/ros/humble /usr/bin/cmake --build /home/ycao/robotics_course/homework3/build/closedloop -- -j32 -l32
[5.521s] Invoking command in '/home/ycao/robotics_course/homework3/build/closedloop': CMAKE_PREFIX_PATH=${CMAKE_PREFIX_PATH}:/opt/ros/humble /usr/bin/cmake --install /home/ycao/robotics_course/homework3/build/closedloop
[5.526s] -- Install configuration: ""
[5.526s] -- Installing: /home/ycao/robotics_course/homework3/install/closedloop/lib/closedloop/closed_loop
[5.529s] -- Set runtime path of "/home/ycao/robotics_course/homework3/install/closedloop/lib/closedloop/closed_loop" to ""
[5.529s] -- Up-to-date: /home/ycao/robotics_course/homework3/install/closedloop/share/ament_index/resource_index/package_run_dependencies/closedloop
[5.529s] -- Up-to-date: /home/ycao/robotics_course/homework3/install/closedloop/share/ament_index/resource_index/parent_prefix_path/closedloop
[5.529s] -- Up-to-date: /home/ycao/robotics_course/homework3/install/closedloop/share/closedloop/environment/ament_prefix_path.sh
[5.529s] -- Up-to-date: /home/ycao/robotics_course/homework3/install/closedloop/share/closedloop/environment/ament_prefix_path.dsv
[5.529s] -- Up-to-date: /home/ycao/robotics_course/homework3/install/closedloop/share/closedloop/environment/path.sh
[5.529s] -- Up-to-date: /home/ycao/robotics_course/homework3/install/closedloop/share/closedloop/environment/path.dsv
[5.529s] -- Up-to-date: /home/ycao/robotics_course/homework3/install/closedloop/share/closedloop/local_setup.bash
[5.529s] -- Up-to-date: /home/ycao/robotics_course/homework3/install/closedloop/share/closedloop/local_setup.sh
[5.529s] -- Up-to-date: /home/ycao/robotics_course/homework3/install/closedloop/share/closedloop/local_setup.zsh
[5.529s] -- Up-to-date: /home/ycao/robotics_course/homework3/install/closedloop/share/closedloop/local_setup.dsv
[5.529s] -- Installing: /home/ycao/robotics_course/homework3/install/closedloop/share/closedloop/package.dsv
[5.530s] -- Up-to-date: /home/ycao/robotics_course/homework3/install/closedloop/share/ament_index/resource_index/packages/closedloop
[5.530s] -- Up-to-date: /home/ycao/robotics_course/homework3/install/closedloop/share/closedloop/cmake/closedloopConfig.cmake
[5.530s] -- Up-to-date: /home/ycao/robotics_course/homework3/install/closedloop/share/closedloop/cmake/closedloopConfig-version.cmake
[5.530s] -- Up-to-date: /home/ycao/robotics_course/homework3/install/closedloop/share/closedloop/package.xml
[5.531s] Invoked command in '/home/ycao/robotics_course/homework3/build/closedloop' returned '0': CMAKE_PREFIX_PATH=${CMAKE_PREFIX_PATH}:/opt/ros/humble /usr/bin/cmake --install /home/ycao/robotics_course/homework3/build/closedloop
