[0.010s] Invoking command in '/home/ycao/robotics_course/homework2/build/openloop': CMAKE_PREFIX_PATH=${CMAKE_PREFIX_PATH}:/home/ycao/interbotix_ws/install/interbotix_xs_modules:/home/ycao/interbotix_ws/install/interbotix_perception_modules:/home/ycao/interbotix_ws/install/interbotix_common_modules:/opt/ros/humble /usr/bin/cmake --build /home/ycao/robotics_course/homework2/build/openloop -- -j20 -l20
[0.030s] -- Found ament_cmake: 1.3.11 (/opt/ros/humble/share/ament_cmake/cmake)
[0.129s] -- Found rclcpp: 16.0.11 (/opt/ros/humble/share/rclcpp/cmake)
[0.148s] -- Found rosidl_generator_c: 3.1.6 (/opt/ros/humble/share/rosidl_generator_c/cmake)
[0.150s] -- Found rosidl_adapter: 3.1.6 (/opt/ros/humble/share/rosidl_adapter/cmake)
[0.154s] -- Found rosidl_generator_cpp: 3.1.6 (/opt/ros/humble/share/rosidl_generator_cpp/cmake)
[0.160s] -- Using all available rosidl_typesupport_c: rosidl_typesupport_fastrtps_c;rosidl_typesupport_introspection_c
[0.169s] -- Using all available rosidl_typesupport_cpp: rosidl_typesupport_fastrtps_cpp;rosidl_typesupport_introspection_cpp
[0.190s] -- Found rmw_implementation_cmake: 6.1.2 (/opt/ros/humble/share/rmw_implementation_cmake/cmake)
[0.192s] -- Found rmw_cyclonedds_cpp: 1.3.4 (/home/ycao/unitree_ros2/cyclonedds_ws/install/rmw_cyclonedds_cpp/share/rmw_cyclonedds_cpp/cmake)
[0.204s] -- Using RMW implementation 'rmw_cyclonedds_cpp' as default
[0.246s] -- Found geometry_msgs: 4.2.4 (/opt/ros/humble/share/geometry_msgs/cmake)
[0.256s] -- Found ament_lint_auto: 0.12.11 (/opt/ros/humble/share/ament_lint_auto/cmake)
[0.314s] -- Added test 'cppcheck' to perform static code analysis on C / C++ code
[0.314s] -- Configured cppcheck include dirs: 
[0.314s] -- Configured cppcheck exclude dirs and/or files: 
[0.314s] -- Added test 'lint_cmake' to check CMake code style
[0.315s] -- Added test 'uncrustify' to check C / C++ code style
[0.315s] -- Configured uncrustify additional arguments: 
[0.315s] -- Added test 'xmllint' to check XML markup files
[0.316s] -- Configuring done
[0.321s] -- Generating done
[0.324s] -- Build files have been written to: /home/ycao/robotics_course/homework2/build/openloop
[0.352s] [35m[1mConsolidate compiler generated dependencies of target openloop[0m
[0.370s] [ 50%] [32mBuilding CXX object CMakeFiles/openloop.dir/src/openloop.cpp.o[0m
[1.765s] [01m[K/home/ycao/robotics_course/homework2/src/openloop/src/openloop.cpp:[m[K In function ‘[01m[Kint main(int, char**)[m[K’:
[1.766s] [01m[K/home/ycao/robotics_course/homework2/src/openloop/src/openloop.cpp:47:14:[m[K [01;35m[Kwarning: [m[Kunused parameter ‘[01m[Kargc[m[K’ [[01;35m[K]8;;https://gcc.gnu.org/onlinedocs/gcc/Warning-Options.html#index-Wunused-parameter-Wunused-parameter]8;;[m[K]
[1.766s]    47 | int main([01;35m[Kint argc[m[K, char* argv[]){
[1.766s]       |          [01;35m[K~~~~^~~~[m[K
[1.766s] [01m[K/home/ycao/robotics_course/homework2/src/openloop/src/openloop.cpp:47:26:[m[K [01;35m[Kwarning: [m[Kunused parameter ‘[01m[Kargv[m[K’ [[01;35m[K]8;;https://gcc.gnu.org/onlinedocs/gcc/Warning-Options.html#index-Wunused-parameter-Wunused-parameter]8;;[m[K]
[1.766s]    47 | int main(int argc, [01;35m[Kchar* argv[][m[K){
[1.766s]       |                    [01;35m[K~~~~~~^~~~~~[m[K
[3.049s] [100%] [32m[1mLinking CXX executable openloop[0m
[3.205s] [100%] Built target openloop
[3.217s] Invoked command in '/home/ycao/robotics_course/homework2/build/openloop' returned '0': CMAKE_PREFIX_PATH=${CMAKE_PREFIX_PATH}:/home/ycao/interbotix_ws/install/interbotix_xs_modules:/home/ycao/interbotix_ws/install/interbotix_perception_modules:/home/ycao/interbotix_ws/install/interbotix_common_modules:/opt/ros/humble /usr/bin/cmake --build /home/ycao/robotics_course/homework2/build/openloop -- -j20 -l20
[3.246s] Invoking command in '/home/ycao/robotics_course/homework2/build/openloop': CMAKE_PREFIX_PATH=${CMAKE_PREFIX_PATH}:/home/ycao/interbotix_ws/install/interbotix_xs_modules:/home/ycao/interbotix_ws/install/interbotix_perception_modules:/home/ycao/interbotix_ws/install/interbotix_common_modules:/opt/ros/humble /usr/bin/cmake --install /home/ycao/robotics_course/homework2/build/openloop
[3.274s] -- Install configuration: ""
[3.274s] -- Installing: /home/ycao/robotics_course/homework2/install/openloop/lib/openloop/openloop
[3.276s] -- Set runtime path of "/home/ycao/robotics_course/homework2/install/openloop/lib/openloop/openloop" to ""
[3.276s] -- Up-to-date: /home/ycao/robotics_course/homework2/install/openloop/share/ament_index/resource_index/package_run_dependencies/openloop
[3.276s] -- Installing: /home/ycao/robotics_course/homework2/install/openloop/share/ament_index/resource_index/parent_prefix_path/openloop
[3.276s] -- Up-to-date: /home/ycao/robotics_course/homework2/install/openloop/share/openloop/environment/ament_prefix_path.sh
[3.276s] -- Installing: /home/ycao/robotics_course/homework2/install/openloop/share/openloop/environment/ament_prefix_path.dsv
[3.276s] -- Up-to-date: /home/ycao/robotics_course/homework2/install/openloop/share/openloop/environment/path.sh
[3.276s] -- Installing: /home/ycao/robotics_course/homework2/install/openloop/share/openloop/environment/path.dsv
[3.277s] -- Up-to-date: /home/ycao/robotics_course/homework2/install/openloop/share/openloop/local_setup.bash
[3.277s] -- Up-to-date: /home/ycao/robotics_course/homework2/install/openloop/share/openloop/local_setup.sh
[3.278s] -- Up-to-date: /home/ycao/robotics_course/homework2/install/openloop/share/openloop/local_setup.zsh
[3.278s] -- Installing: /home/ycao/robotics_course/homework2/install/openloop/share/openloop/local_setup.dsv
[3.278s] -- Installing: /home/ycao/robotics_course/homework2/install/openloop/share/openloop/package.dsv
[3.279s] -- Up-to-date: /home/ycao/robotics_course/homework2/install/openloop/share/ament_index/resource_index/packages/openloop
[3.279s] -- Up-to-date: /home/ycao/robotics_course/homework2/install/openloop/share/openloop/cmake/openloopConfig.cmake
[3.279s] -- Up-to-date: /home/ycao/robotics_course/homework2/install/openloop/share/openloop/cmake/openloopConfig-version.cmake
[3.279s] -- Up-to-date: /home/ycao/robotics_course/homework2/install/openloop/share/openloop/package.xml
[3.283s] Invoked command in '/home/ycao/robotics_course/homework2/build/openloop' returned '0': CMAKE_PREFIX_PATH=${CMAKE_PREFIX_PATH}:/home/ycao/interbotix_ws/install/interbotix_xs_modules:/home/ycao/interbotix_ws/install/interbotix_perception_modules:/home/ycao/interbotix_ws/install/interbotix_common_modules:/opt/ros/humble /usr/bin/cmake --install /home/ycao/robotics_course/homework2/build/openloop
